{"C:\\Users\\fitri\\OneDrive\\Dokumen\\Tugas Akhir\\coba.js": {"path":"C:\\Users\\fitri\\OneDrive\\Dokumen\\Tugas Akhir\\coba.js","statementMap":{"0":{"start":{"line":2,"column":4},"end":{"line":2,"column":17}},"1":{"start":{"line":4,"column":5},"end":{"line":4,"column":27}}},"fnMap":{"0":{"name":"coba","decl":{"start":{"line":1,"column":9},"end":{"line":1,"column":13}},"loc":{"start":{"line":1,"column":20},"end":{"line":3,"column":6}},"line":1}},"branchMap":{},"s":{"0":1,"1":1},"f":{"0":1},"b":{},"_coverageSchema":"1a1c01bbd47fc00a2c39e90264f33305004495a9","hash":"9dde7b662ec23fb2388ecf358a92f241c693c353"}
}
